<?xml version="1.0" encoding="UTF-8"?>
<Site BuildName="(empty)"
	BuildStamp="20210524-1433-Experimental"
	Name="(empty)"
	Generator="ctest-3.19.2"
	CompilerName=""
	CompilerVersion=""
	OSName="macOS"
	Hostname="MacBook-Pro-Valerij.local"
	OSRelease="11.2.3"
	OSVersion="20D91"
	OSPlatform="x86_64"
	Is64Bits="1"
	VendorString="GenuineIntel"
	VendorID="Intel Corporation"
	FamilyID="6"
	ModelID="142"
	ProcessorCacheSize="32768"
	NumberOfLogicalCPU="8"
	NumberOfPhysicalCPU="4"
	TotalVirtualMemory="5120"
	TotalPhysicalMemory="8192"
	LogicalProcessorsPerPhysical="8"
	ProcessorClockFrequency="1400"
	>
	<Testing>
		<StartDateTime>May 25 01:23 MSK</StartDateTime>
		<StartTestTime>1621895026</StartTestTime>
		<TestList>
			<Test>./src/Moving-queen</Test>
			<Test>./src/Moving-simple-taking</Test>
			<Test>./src/Moving-simple-not_tacking</Test>
			<Test>./src/Something_works</Test>
			<Test>./src/Short_game</Test>
			<Test>./src/all_moves_of_queen</Test>
			<Test>./src/small_methoods</Test>
			<Test>./src/all_moves_of_simple_figure_with_taking</Test>
			<Test>./src/Moving-simple-taking-2</Test>
			<Test>./src/find_all_moves_of_simple_figure</Test>
		</TestList>
		<Test Status="passed">
			<Name>Moving-queen</Name>
			<Path>./src</Path>
			<FullName>./src/Moving-queen</FullName>
			<FullCommandLine>/Users/valerij/Desktop/cpp-starter-project/build/bin/proj_test "--test-case=Moving-queen"</FullCommandLine>
			<Results>
				<NamedMeasurement type="numeric/double" name="Execution Time">
					<Value>0.0161502</Value>
				</NamedMeasurement>
				<NamedMeasurement type="numeric/double" name="Processors">
					<Value>1</Value>
				</NamedMeasurement>
				<NamedMeasurement type="text/string" name="Completion Status">
					<Value>Completed</Value>
				</NamedMeasurement>
				<NamedMeasurement type="text/string" name="Command Line">
					<Value>/Users/valerij/Desktop/cpp-starter-project/build/bin/proj_test "--test-case=Moving-queen"</Value>
				</NamedMeasurement>
				<NamedMeasurement type="text/string" name="Environment">
					<Value>#CTEST_RESOURCE_GROUP_COUNT=</Value>
				</NamedMeasurement>
				<Measurement>
					<Value encoding="base64" compression="gzip">eJyLTslPLkktLolVgDIUylKLijPz8xQyixWUjPSM9SyUuKLhiopK8xTKM0syFJR0dTNScwqUFNLyixTyC0qAOoq5bKkLkOwFuyw5sTi12EoBDAwVamCMgsTi4tQUGN9AIS0xMwfBt1Qozs4sKEhNQTINpKEI7GSoaaYw1aY4TUPSHlySWFIK1Boc6uzsGhysyAUAJKNeIw==</Value>
				</Measurement>
			</Results>
		</Test>
		<Test Status="passed">
			<Name>Moving-simple-taking</Name>
			<Path>./src</Path>
			<FullName>./src/Moving-simple-taking</FullName>
			<FullCommandLine>/Users/valerij/Desktop/cpp-starter-project/build/bin/proj_test "--test-case=Moving-simple-taking"</FullCommandLine>
			<Results>
				<NamedMeasurement type="numeric/double" name="Execution Time">
					<Value>0.0237278</Value>
				</NamedMeasurement>
				<NamedMeasurement type="numeric/double" name="Processors">
					<Value>1</Value>
				</NamedMeasurement>
				<NamedMeasurement type="text/string" name="Completion Status">
					<Value>Completed</Value>
				</NamedMeasurement>
				<NamedMeasurement type="text/string" name="Command Line">
					<Value>/Users/valerij/Desktop/cpp-starter-project/build/bin/proj_test "--test-case=Moving-simple-taking"</Value>
				</NamedMeasurement>
				<NamedMeasurement type="text/string" name="Environment">
					<Value>#CTEST_RESOURCE_GROUP_COUNT=</Value>
				</NamedMeasurement>
				<Measurement>
					<Value encoding="base64" compression="gzip">eJyLTslPLkktLolVgDIUylKLijPz8xQyixWUjPSM9SyUuKLhiopK8xTKM0syFJR0dTNScwqUFNLyixTyC0qAOoq5bKkLkOwFuyw5sTi12EoBDAwVamCMgsTi4tQUGN9AIS0xMwfBt1Qozs4sKEhNQTINpKEI7GSoaRYw1RY4TUPSHlySWFIK1Boc6uzsGhysyAUAJgJeKQ==</Value>
				</Measurement>
			</Results>
		</Test>
		<Test Status="passed">
			<Name>Moving-simple-not_tacking</Name>
			<Path>./src</Path>
			<FullName>./src/Moving-simple-not_tacking</FullName>
			<FullCommandLine>/Users/valerij/Desktop/cpp-starter-project/build/bin/proj_test "--test-case=Moving-simple-not_tacking"</FullCommandLine>
			<Results>
				<NamedMeasurement type="numeric/double" name="Execution Time">
					<Value>0.0221008</Value>
				</NamedMeasurement>
				<NamedMeasurement type="numeric/double" name="Processors">
					<Value>1</Value>
				</NamedMeasurement>
				<NamedMeasurement type="text/string" name="Completion Status">
					<Value>Completed</Value>
				</NamedMeasurement>
				<NamedMeasurement type="text/string" name="Command Line">
					<Value>/Users/valerij/Desktop/cpp-starter-project/build/bin/proj_test "--test-case=Moving-simple-not_tacking"</Value>
				</NamedMeasurement>
				<NamedMeasurement type="text/string" name="Environment">
					<Value>#CTEST_RESOURCE_GROUP_COUNT=</Value>
				</NamedMeasurement>
				<Measurement>
					<Value encoding="base64" compression="gzip">eJyLTslPLkktLolVgDIUylKLijPz8xQyixWUjPSM9SyUuKLhiopK8xTKM0syFJR0dTNScwqUFNLyixTyC0qAOoq5bKkLkOwFuyw5sTi12EoBDAwVamCMgsTi4tQUGN9AIS0xMwfBt1Qozs4sKEhNQTINpKEI7GSoaWYw1WY4TUPSHlySWFIK1Boc6uzsGhysyAUAJRheJQ==</Value>
				</Measurement>
			</Results>
		</Test>
		<Test Status="passed">
			<Name>Something works</Name>
			<Path>./src</Path>
			<FullName>./src/Something_works</FullName>
			<FullCommandLine>/Users/valerij/Desktop/cpp-starter-project/build/bin/proj_test "--test-case=Something works"</FullCommandLine>
			<Results>
				<NamedMeasurement type="numeric/double" name="Execution Time">
					<Value>0.0190663</Value>
				</NamedMeasurement>
				<NamedMeasurement type="numeric/double" name="Processors">
					<Value>1</Value>
				</NamedMeasurement>
				<NamedMeasurement type="text/string" name="Completion Status">
					<Value>Completed</Value>
				</NamedMeasurement>
				<NamedMeasurement type="text/string" name="Command Line">
					<Value>/Users/valerij/Desktop/cpp-starter-project/build/bin/proj_test "--test-case=Something works"</Value>
				</NamedMeasurement>
				<NamedMeasurement type="text/string" name="Environment">
					<Value>#CTEST_RESOURCE_GROUP_COUNT=</Value>
				</NamedMeasurement>
				<Measurement>
					<Value encoding="base64" compression="gzip">eJyLTslPLkktLolVgDIUylKLijPz8xQyixWUjPSM9SyUuKLhiopK8xTKM0syFJR0dTNScwqUFNLyixTyC0qAOoq5bKkLkOwFuyw5sTi12EoBDAwVamCMgsTi4tQUGN9AIS0xMwfBt1Qozs4sKEhNQTINpKEI7GTiTUPSHlySWFIK1Boc6uzsGhysyAUAIs9eGw==</Value>
				</Measurement>
			</Results>
		</Test>
		<Test Status="passed">
			<Name>Short game</Name>
			<Path>./src</Path>
			<FullName>./src/Short_game</FullName>
			<FullCommandLine>/Users/valerij/Desktop/cpp-starter-project/build/bin/proj_test "--test-case=Short game"</FullCommandLine>
			<Results>
				<NamedMeasurement type="numeric/double" name="Execution Time">
					<Value>0.0166708</Value>
				</NamedMeasurement>
				<NamedMeasurement type="numeric/double" name="Processors">
					<Value>1</Value>
				</NamedMeasurement>
				<NamedMeasurement type="text/string" name="Completion Status">
					<Value>Completed</Value>
				</NamedMeasurement>
				<NamedMeasurement type="text/string" name="Command Line">
					<Value>/Users/valerij/Desktop/cpp-starter-project/build/bin/proj_test "--test-case=Short game"</Value>
				</NamedMeasurement>
				<NamedMeasurement type="text/string" name="Environment">
					<Value>#CTEST_RESOURCE_GROUP_COUNT=</Value>
				</NamedMeasurement>
				<Measurement>
					<Value encoding="base64" compression="gzip">eJyLTslPLkktLolVgDIUylKLijPz8xQyixWUjPSM9SyUuKLhiopK8xTKM0syFJR0dTNScwqUFNLyixTyC0qAOoq5bKkLkOwFuyw5sTi12EoBDAwVamCMgsTi4tQUGN9AIS0xMwfBt1Qozs4sKEhNQTINpKEI7GSoaRYw1RY4TUPSHlySWFIK1Boc6uzsGhysyAUAJgJeKQ==</Value>
				</Measurement>
			</Results>
		</Test>
		<Test Status="passed">
			<Name>all moves of queen</Name>
			<Path>./src</Path>
			<FullName>./src/all_moves_of_queen</FullName>
			<FullCommandLine>/Users/valerij/Desktop/cpp-starter-project/build/bin/proj_test "--test-case=all moves of queen"</FullCommandLine>
			<Results>
				<NamedMeasurement type="numeric/double" name="Execution Time">
					<Value>0.0129858</Value>
				</NamedMeasurement>
				<NamedMeasurement type="numeric/double" name="Processors">
					<Value>1</Value>
				</NamedMeasurement>
				<NamedMeasurement type="text/string" name="Completion Status">
					<Value>Completed</Value>
				</NamedMeasurement>
				<NamedMeasurement type="text/string" name="Command Line">
					<Value>/Users/valerij/Desktop/cpp-starter-project/build/bin/proj_test "--test-case=all moves of queen"</Value>
				</NamedMeasurement>
				<NamedMeasurement type="text/string" name="Environment">
					<Value>#CTEST_RESOURCE_GROUP_COUNT=</Value>
				</NamedMeasurement>
				<Measurement>
					<Value encoding="base64" compression="gzip">eJyLTslPLkktLolVgDIUylKLijPz8xQyixWUjPSM9SyUuKLhiopK8xTKM0syFJR0dTNScwqUFNLyixTyC0qAOoq5bKkLkOwFuyw5sTi12EoBDAwVamCMgsTi4tQUGN9AIS0xMwfBt1Qozs4sKEhNQTINpKEI7GSoaSYw1SY4TUPSHlySWFIK1Boc6uzsGhysyAUAJC5eIQ==</Value>
				</Measurement>
			</Results>
		</Test>
		<Test Status="passed">
			<Name>small methoods</Name>
			<Path>./src</Path>
			<FullName>./src/small_methoods</FullName>
			<FullCommandLine>/Users/valerij/Desktop/cpp-starter-project/build/bin/proj_test "--test-case=small methoods"</FullCommandLine>
			<Results>
				<NamedMeasurement type="numeric/double" name="Execution Time">
					<Value>0.0187897</Value>
				</NamedMeasurement>
				<NamedMeasurement type="numeric/double" name="Processors">
					<Value>1</Value>
				</NamedMeasurement>
				<NamedMeasurement type="text/string" name="Completion Status">
					<Value>Completed</Value>
				</NamedMeasurement>
				<NamedMeasurement type="text/string" name="Command Line">
					<Value>/Users/valerij/Desktop/cpp-starter-project/build/bin/proj_test "--test-case=small methoods"</Value>
				</NamedMeasurement>
				<NamedMeasurement type="text/string" name="Environment">
					<Value>#CTEST_RESOURCE_GROUP_COUNT=</Value>
				</NamedMeasurement>
				<Measurement>
					<Value encoding="base64" compression="gzip">eJyLTslPLkktLolVgDIUylKLijPz8xQyixWUjPSM9SyUuKLhiopK8xTKM0syFJR0dTNScwqUFNLyixTyC0qAOoq5bKkLkOwFuyw5sTi12EoBDAwVamCMgsTi4tQUGN9AIS0xMwfBt1Qozs4sKEhNQTINpKEI7GSoaWYw1WY4TUPSHlySWFIK1Boc6uzsGhysyAUAJRheJQ==</Value>
				</Measurement>
			</Results>
		</Test>
		<Test Status="passed">
			<Name>all moves of simple figure with taking</Name>
			<Path>./src</Path>
			<FullName>./src/all_moves_of_simple_figure_with_taking</FullName>
			<FullCommandLine>/Users/valerij/Desktop/cpp-starter-project/build/bin/proj_test "--test-case=all moves of simple figure with taking"</FullCommandLine>
			<Results>
				<NamedMeasurement type="numeric/double" name="Execution Time">
					<Value>0.0154311</Value>
				</NamedMeasurement>
				<NamedMeasurement type="numeric/double" name="Processors">
					<Value>1</Value>
				</NamedMeasurement>
				<NamedMeasurement type="text/string" name="Completion Status">
					<Value>Completed</Value>
				</NamedMeasurement>
				<NamedMeasurement type="text/string" name="Command Line">
					<Value>/Users/valerij/Desktop/cpp-starter-project/build/bin/proj_test "--test-case=all moves of simple figure with taking"</Value>
				</NamedMeasurement>
				<NamedMeasurement type="text/string" name="Environment">
					<Value>#CTEST_RESOURCE_GROUP_COUNT=</Value>
				</NamedMeasurement>
				<Measurement>
					<Value encoding="base64" compression="gzip">eJyLTslPLkktLolVgDIUylKLijPz8xQyixWUjPSM9SyUuKLhiopK8xTKM0syFJR0dTNScwqUFNLyixTyC0qAOoq5bKkLkOwFuyw5sTi12EoBDAwVamCMgsTi4tQUGN9AIS0xMwfBt1Qozs4sKEhNQTINpKEI7GSoaSYw1SY4TUPSHlySWFIK1Boc6uzsGhysyAUAJC5eIQ==</Value>
				</Measurement>
			</Results>
		</Test>
		<Test Status="passed">
			<Name>Moving-simple-taking-2</Name>
			<Path>./src</Path>
			<FullName>./src/Moving-simple-taking-2</FullName>
			<FullCommandLine>/Users/valerij/Desktop/cpp-starter-project/build/bin/proj_test "--test-case=Moving-simple-taking-2"</FullCommandLine>
			<Results>
				<NamedMeasurement type="numeric/double" name="Execution Time">
					<Value>0.0228899</Value>
				</NamedMeasurement>
				<NamedMeasurement type="numeric/double" name="Processors">
					<Value>1</Value>
				</NamedMeasurement>
				<NamedMeasurement type="text/string" name="Completion Status">
					<Value>Completed</Value>
				</NamedMeasurement>
				<NamedMeasurement type="text/string" name="Command Line">
					<Value>/Users/valerij/Desktop/cpp-starter-project/build/bin/proj_test "--test-case=Moving-simple-taking-2"</Value>
				</NamedMeasurement>
				<NamedMeasurement type="text/string" name="Environment">
					<Value>#CTEST_RESOURCE_GROUP_COUNT=</Value>
				</NamedMeasurement>
				<Measurement>
					<Value encoding="base64" compression="gzip">eJyLTslPLkktLolVgDIUylKLijPz8xQyixWUjPSM9SyUuKLhiopK8xTKM0syFJR0dTNScwqUFNLyixTyC0qAOoq5bKkLkOwFuyw5sTi12EoBDAwVamCMgsTi4tQUGN9AIS0xMwfBt1Qozs4sKEhNQTINpKEI7GSoaWYw1WY4TUPSHlySWFIK1Boc6uzsGhysyAUAJRheJQ==</Value>
				</Measurement>
			</Results>
		</Test>
		<Test Status="passed">
			<Name>find all moves of simple figure</Name>
			<Path>./src</Path>
			<FullName>./src/find_all_moves_of_simple_figure</FullName>
			<FullCommandLine>/Users/valerij/Desktop/cpp-starter-project/build/bin/proj_test "--test-case=find all moves of simple figure"</FullCommandLine>
			<Results>
				<NamedMeasurement type="numeric/double" name="Execution Time">
					<Value>0.0173762</Value>
				</NamedMeasurement>
				<NamedMeasurement type="numeric/double" name="Processors">
					<Value>1</Value>
				</NamedMeasurement>
				<NamedMeasurement type="text/string" name="Completion Status">
					<Value>Completed</Value>
				</NamedMeasurement>
				<NamedMeasurement type="text/string" name="Command Line">
					<Value>/Users/valerij/Desktop/cpp-starter-project/build/bin/proj_test "--test-case=find all moves of simple figure"</Value>
				</NamedMeasurement>
				<NamedMeasurement type="text/string" name="Environment">
					<Value>#CTEST_RESOURCE_GROUP_COUNT=</Value>
				</NamedMeasurement>
				<Measurement>
					<Value encoding="base64" compression="gzip">eJytjjEPgjAQhff+irM7RGRREyfCL2iciEMDR2gktOkduvjjrRW0i5s3vZe8791rOtsyEl9gEXBDT8ZOYAjkLi/zvRTNJ+TnCe6GB5BZNuDoJPTWg3UcCBKn/17yNy5rNSEdIV4Bj1U4TYTd6rfQazN+/QHoapzDLml7AT5OfrcV5ZIO4ldbgivWPAdUnauqVmojniugXkE=</Value>
				</Measurement>
			</Results>
		</Test>
		<EndDateTime>May 25 01:23 MSK</EndDateTime>
		<EndTestTime>1621895026</EndTestTime>
		<ElapsedMinutes>0</ElapsedMinutes>
	</Testing>
</Site>
