Start testing: May 25 01:23 MSK
----------------------------------------------------------
7/10 Testing: Moving-queen
7/10 Test: Moving-queen
Command: "/Users/valerij/Desktop/cpp-starter-project/build/bin/proj_test" "--test-case=Moving-queen"
Directory: /Users/valerij/Desktop/cpp-starter-project/build/src
"Moving-queen" start time: May 25 01:23 MSK
Output:
----------------------------------------------------------
[doctest] doctest version is "2.3.8"
[doctest] run with "--help" for options
===============================================================================
[doctest] test cases:      1 |      1 passed |      0 failed |      9 skipped
[doctest] assertions:      5 |      5 passed |      0 failed |
[doctest] Status: SUCCESS!
<end of output>
Test time =   0.02 sec
----------------------------------------------------------
Test Passed.
"Moving-queen" end time: May 25 01:23 MSK
"Moving-queen" time elapsed: 00:00:00
----------------------------------------------------------

3/10 Testing: Moving-simple-taking
3/10 Test: Moving-simple-taking
Command: "/Users/valerij/Desktop/cpp-starter-project/build/bin/proj_test" "--test-case=Moving-simple-taking"
Directory: /Users/valerij/Desktop/cpp-starter-project/build/src
"Moving-simple-taking" start time: May 25 01:23 MSK
Output:
----------------------------------------------------------
[doctest] doctest version is "2.3.8"
[doctest] run with "--help" for options
===============================================================================
[doctest] test cases:      1 |      1 passed |      0 failed |      9 skipped
[doctest] assertions:      8 |      8 passed |      0 failed |
[doctest] Status: SUCCESS!
<end of output>
Test time =   0.02 sec
----------------------------------------------------------
Test Passed.
"Moving-simple-taking" end time: May 25 01:23 MSK
"Moving-simple-taking" time elapsed: 00:00:00
----------------------------------------------------------

5/10 Testing: Moving-simple-not_tacking
5/10 Test: Moving-simple-not_tacking
Command: "/Users/valerij/Desktop/cpp-starter-project/build/bin/proj_test" "--test-case=Moving-simple-not_tacking"
Directory: /Users/valerij/Desktop/cpp-starter-project/build/src
"Moving-simple-not_tacking" start time: May 25 01:23 MSK
Output:
----------------------------------------------------------
[doctest] doctest version is "2.3.8"
[doctest] run with "--help" for options
===============================================================================
[doctest] test cases:      1 |      1 passed |      0 failed |      9 skipped
[doctest] assertions:      6 |      6 passed |      0 failed |
[doctest] Status: SUCCESS!
<end of output>
Test time =   0.02 sec
----------------------------------------------------------
Test Passed.
"Moving-simple-not_tacking" end time: May 25 01:23 MSK
"Moving-simple-not_tacking" time elapsed: 00:00:00
----------------------------------------------------------

1/10 Testing: Something works
1/10 Test: Something works
Command: "/Users/valerij/Desktop/cpp-starter-project/build/bin/proj_test" "--test-case=Something works"
Directory: /Users/valerij/Desktop/cpp-starter-project/build/src
"Something works" start time: May 25 01:23 MSK
Output:
----------------------------------------------------------
[doctest] doctest version is "2.3.8"
[doctest] run with "--help" for options
===============================================================================
[doctest] test cases:      1 |      1 passed |      0 failed |      9 skipped
[doctest] assertions:      1 |      1 passed |      0 failed |
[doctest] Status: SUCCESS!
<end of output>
Test time =   0.02 sec
----------------------------------------------------------
Test Passed.
"Something works" end time: May 25 01:23 MSK
"Something works" time elapsed: 00:00:00
----------------------------------------------------------

6/10 Testing: Short game
6/10 Test: Short game
Command: "/Users/valerij/Desktop/cpp-starter-project/build/bin/proj_test" "--test-case=Short game"
Directory: /Users/valerij/Desktop/cpp-starter-project/build/src
"Short game" start time: May 25 01:23 MSK
Output:
----------------------------------------------------------
[doctest] doctest version is "2.3.8"
[doctest] run with "--help" for options
===============================================================================
[doctest] test cases:      1 |      1 passed |      0 failed |      9 skipped
[doctest] assertions:      8 |      8 passed |      0 failed |
[doctest] Status: SUCCESS!
<end of output>
Test time =   0.02 sec
----------------------------------------------------------
Test Passed.
"Short game" end time: May 25 01:23 MSK
"Short game" time elapsed: 00:00:00
----------------------------------------------------------

10/10 Testing: all moves of queen
10/10 Test: all moves of queen
Command: "/Users/valerij/Desktop/cpp-starter-project/build/bin/proj_test" "--test-case=all moves of queen"
Directory: /Users/valerij/Desktop/cpp-starter-project/build/src
"all moves of queen" start time: May 25 01:23 MSK
Output:
----------------------------------------------------------
[doctest] doctest version is "2.3.8"
[doctest] run with "--help" for options
===============================================================================
[doctest] test cases:      1 |      1 passed |      0 failed |      9 skipped
[doctest] assertions:      4 |      4 passed |      0 failed |
[doctest] Status: SUCCESS!
<end of output>
Test time =   0.01 sec
----------------------------------------------------------
Test Passed.
"all moves of queen" end time: May 25 01:23 MSK
"all moves of queen" time elapsed: 00:00:00
----------------------------------------------------------

2/10 Testing: small methoods
2/10 Test: small methoods
Command: "/Users/valerij/Desktop/cpp-starter-project/build/bin/proj_test" "--test-case=small methoods"
Directory: /Users/valerij/Desktop/cpp-starter-project/build/src
"small methoods" start time: May 25 01:23 MSK
Output:
----------------------------------------------------------
[doctest] doctest version is "2.3.8"
[doctest] run with "--help" for options
===============================================================================
[doctest] test cases:      1 |      1 passed |      0 failed |      9 skipped
[doctest] assertions:      6 |      6 passed |      0 failed |
[doctest] Status: SUCCESS!
<end of output>
Test time =   0.02 sec
----------------------------------------------------------
Test Passed.
"small methoods" end time: May 25 01:23 MSK
"small methoods" time elapsed: 00:00:00
----------------------------------------------------------

9/10 Testing: all moves of simple figure with taking
9/10 Test: all moves of simple figure with taking
Command: "/Users/valerij/Desktop/cpp-starter-project/build/bin/proj_test" "--test-case=all moves of simple figure with taking"
Directory: /Users/valerij/Desktop/cpp-starter-project/build/src
"all moves of simple figure with taking" start time: May 25 01:23 MSK
Output:
----------------------------------------------------------
[doctest] doctest version is "2.3.8"
[doctest] run with "--help" for options
===============================================================================
[doctest] test cases:      1 |      1 passed |      0 failed |      9 skipped
[doctest] assertions:      4 |      4 passed |      0 failed |
[doctest] Status: SUCCESS!
<end of output>
Test time =   0.02 sec
----------------------------------------------------------
Test Passed.
"all moves of simple figure with taking" end time: May 25 01:23 MSK
"all moves of simple figure with taking" time elapsed: 00:00:00
----------------------------------------------------------

4/10 Testing: Moving-simple-taking-2
4/10 Test: Moving-simple-taking-2
Command: "/Users/valerij/Desktop/cpp-starter-project/build/bin/proj_test" "--test-case=Moving-simple-taking-2"
Directory: /Users/valerij/Desktop/cpp-starter-project/build/src
"Moving-simple-taking-2" start time: May 25 01:23 MSK
Output:
----------------------------------------------------------
[doctest] doctest version is "2.3.8"
[doctest] run with "--help" for options
===============================================================================
[doctest] test cases:      1 |      1 passed |      0 failed |      9 skipped
[doctest] assertions:      6 |      6 passed |      0 failed |
[doctest] Status: SUCCESS!
<end of output>
Test time =   0.02 sec
----------------------------------------------------------
Test Passed.
"Moving-simple-taking-2" end time: May 25 01:23 MSK
"Moving-simple-taking-2" time elapsed: 00:00:00
----------------------------------------------------------

8/10 Testing: find all moves of simple figure
8/10 Test: find all moves of simple figure
Command: "/Users/valerij/Desktop/cpp-starter-project/build/bin/proj_test" "--test-case=find all moves of simple figure"
Directory: /Users/valerij/Desktop/cpp-starter-project/build/src
"find all moves of simple figure" start time: May 25 01:23 MSK
Output:
----------------------------------------------------------
[doctest] doctest version is "2.3.8"
[doctest] run with "--help" for options
===============================================================================
[doctest] test cases:      1 |      1 passed |      0 failed |      9 skipped
[doctest] assertions:     13 |     13 passed |      0 failed |
[doctest] Status: SUCCESS!
<end of output>
Test time =   0.02 sec
----------------------------------------------------------
Test Passed.
"find all moves of simple figure" end time: May 25 01:23 MSK
"find all moves of simple figure" time elapsed: 00:00:00
----------------------------------------------------------

End testing: May 25 01:23 MSK
